<?xml version="1.0" encoding="UTF-8"?>
<testsuite name="testEitan" tests="4" skipped="0" failures="0" errors="0" timestamp="2020-06-08T14:39:33" hostname="sam-hp" time="0.002">
  <properties/>
  <testcase name="testCollectIntelligence" classname="testEitan" time="0.001"/>
  <testcase name="testBdaNotImplemented" classname="testEitan" time="0.0"/>
  <testcase name="testRepairEitan" classname="testEitan" time="0.0"/>
  <testcase name="testAttack" classname="testEitan" time="0.0"/>
  <system-out><![CDATA[]]></system-out>
  <system-err><![CDATA[]]></system-err>
</testsuite>
